<?xml version="1.0" encoding="UTF-8"?>
<testsuite xmlns:xsi="http://www.w3.org/2001/XMLSchema-instance" xsi:noNamespaceSchemaLocation="https://maven.apache.org/surefire/maven-surefire-plugin/xsd/surefire-test-report-3.0.xsd" version="3.0" name="com.interview.service.EvaluationServiceTest" time="0.818" tests="6" errors="0" skipped="0" failures="0">
  <properties>
[...]
</properties>
  <testcase name="testEvaluateCandidateJunior" classname="com.interview.service.EvaluationServiceTest" time="0.147">
    <system-out><![CDATA[2026-01-06 12:50:18 - Could not detect default configuration classes for test class [com.interview.service.EvaluationServiceTest]: EvaluationServiceTest does not declare any static, non-private, non-final, nested classes annotated with @Configuration.
2026-01-06 12:50:18 - Found @SpringBootConfiguration com.interview.InterviewEvaluationApplication for test class com.interview.service.EvaluationServiceTest
2026-01-06 12:50:18 - Restart disabled due to context in which it is running

  .   ____          _            __ _ _
 /\\ / ___'_ __ _ _(_)_ __  __ _ \ \ \ \
( ( )\___ | '_ | '_| | '_ \/ _` | \ \ \ \
 \\/  ___)| |_)| | | | | || (_| |  ) ) ) )
  '  |____| .__|_| |_|_| |_\__, | / / / /
 =========|_|==============|___/=/_/_/_/
 :: Spring Boot ::                (v3.2.1)

2026-01-06 12:50:18 - Starting EvaluationServiceTest using Java 17.0.2 with PID 24436 (started by adash in C:\Users\adash\Desktop\interview api POC TS)
2026-01-06 12:50:18 - Running with Spring Boot v3.2.1, Spring v6.1.2
2026-01-06 12:50:18 - No active profile set, falling back to 1 default profile: "default"
2026-01-06 12:50:19 - Started EvaluationServiceTest in 0.588 seconds (process running for 8.802)
2026-01-06 12:50:19 - DummyEvaluationService: Evaluating candidate (seniority=junior)
]]></system-out>
  </testcase>
  <testcase name="testEvaluateCandidateSenior" classname="com.interview.service.EvaluationServiceTest" time="0.006">
    <system-out><![CDATA[2026-01-06 12:50:19 - DummyEvaluationService: Evaluating candidate (seniority=senior)
]]></system-out>
  </testcase>
  <testcase name="testEvaluateFullWithInterviewer" classname="com.interview.service.EvaluationServiceTest" time="0.005">
    <system-out><![CDATA[2026-01-06 12:50:19 - DummyEvaluationService: Full evaluation (seniority=senior, evaluateInterviewer=true)
]]></system-out>
  </testcase>
  <testcase name="testEvaluateFullWithoutInterviewer" classname="com.interview.service.EvaluationServiceTest" time="0.003">
    <system-out><![CDATA[2026-01-06 12:50:19 - DummyEvaluationService: Full evaluation (seniority=senior, evaluateInterviewer=false)
]]></system-out>
  </testcase>
  <testcase name="testEvaluateCandidateMid" classname="com.interview.service.EvaluationServiceTest" time="0.005">
    <system-out><![CDATA[2026-01-06 12:50:19 - DummyEvaluationService: Evaluating candidate (seniority=mid)
]]></system-out>
  </testcase>
  <testcase name="testEvaluateCandidateDeterministic" classname="com.interview.service.EvaluationServiceTest" time="0.004">
    <system-out><![CDATA[2026-01-06 12:50:19 - DummyEvaluationService: Evaluating candidate (seniority=senior)
2026-01-06 12:50:19 - DummyEvaluationService: Evaluating candidate (seniority=senior)
]]></system-out>
  </testcase>
</testsuite>